0 info it worked if it ends with ok
1 verbose cli [ '/usr/local/bin/node', '/usr/local/bin/npm', 'run', 'build' ]
2 info using npm@3.3.12
3 info using node@v5.5.0
4 verbose run-script [ 'prebuild', 'build', 'postbuild' ]
5 info lifecycle CV@~prebuild: CV@
6 silly lifecycle CV@~prebuild: no script for prebuild, continuing
7 info lifecycle CV@~build: CV@
8 verbose lifecycle CV@~build: unsafe-perm in lifecycle true
9 verbose lifecycle CV@~build: PATH: /usr/local/lib/node_modules/npm/bin/node-gyp-bin:/Users/kaustavhaldar/Dev/kaustavha.github.com/resume/3/node_modules/.bin:/Library/Frameworks/Python.framework/Versions/3.5/bin:/Users/kaustavhaldar/.rvm/gems/ruby-2.2.2/bin:/Users/kaustavhaldar/.rvm/gems/ruby-2.2.2@global/bin:/Users/kaustavhaldar/.rvm/rubies/ruby-2.2.2/bin:/usr/local/bin:/usr/bin:/bin:/usr/sbin:/sbin:/usr/local/go/bin:/usr/local/MacGPG2/bin:/Users/kaustavhaldar/.rvm/bin
10 verbose lifecycle CV@~build: CWD: /Users/kaustavhaldar/Dev/kaustavha.github.com/resume/3
11 silly lifecycle CV@~build: Args: [ '-c', 'gulp' ]
12 silly lifecycle CV@~build: Returned: code: 1  signal: null
13 info lifecycle CV@~build: Failed to exec build script
14 verbose stack Error: CV@ build: `gulp`
14 verbose stack Exit status 1
14 verbose stack     at EventEmitter.<anonymous> (/usr/local/lib/node_modules/npm/lib/utils/lifecycle.js:232:16)
14 verbose stack     at emitTwo (events.js:100:13)
14 verbose stack     at EventEmitter.emit (events.js:185:7)
14 verbose stack     at ChildProcess.<anonymous> (/usr/local/lib/node_modules/npm/lib/utils/spawn.js:24:14)
14 verbose stack     at emitTwo (events.js:100:13)
14 verbose stack     at ChildProcess.emit (events.js:185:7)
14 verbose stack     at maybeClose (internal/child_process.js:821:16)
14 verbose stack     at Process.ChildProcess._handle.onexit (internal/child_process.js:211:5)
15 verbose pkgid CV@
16 verbose cwd /Users/kaustavhaldar/Dev/kaustavha.github.com/resume/3
17 error Darwin 14.5.0
18 error argv "/usr/local/bin/node" "/usr/local/bin/npm" "run" "build"
19 error node v5.5.0
20 error npm  v3.3.12
21 error code ELIFECYCLE
22 error CV@ build: `gulp`
22 error Exit status 1
23 error Failed at the CV@ build script 'gulp'.
23 error Make sure you have the latest version of node.js and npm installed.
23 error If you do, this is most likely a problem with the CV package,
23 error not with npm itself.
23 error Tell the author that this fails on your system:
23 error     gulp
23 error You can get their info via:
23 error     npm owner ls CV
23 error There is likely additional logging output above.
24 verbose exit [ 1, true ]
